[Bootstrap]
SetupTitle=Install
SetupText=Copying Files, please stand by.
CabFile=SontagIndicators.CAB
Spawn=Setup1.exe
Uninstal=st6unst.exe
TmpDir=msftqws.pdw
Cabs=1

[Bootstrap Files]
File1=@VB6STKIT.DLL,$(WinSysPathSysFile),,,6/18/98 12:00:00 AM,102912,6.0.81.69
File2=@COMCAT.DLL,$(WinSysPathSysFile),$(DLLSelfRegister),,5/31/98 12:00:00 AM,22288,4.71.1460.1
File3=@MSVCRT40.DLL,$(WinSysPathSysFile),,,5/31/98 12:00:00 AM,326656,4.21.0.0
File4=@stdole2.tlb,$(WinSysPathSysFile),$(TLBRegister),,2/17/07 4:02:10 AM,16896,5.2.3790.3959
File5=@asycfilt.dll,$(WinSysPathSysFile),,,3/6/10 12:49:27 AM,65536,5.2.3790.4676
File6=@olepro32.dll,$(WinSysPathSysFile),$(DLLSelfRegister),,2/17/07 3:43:16 AM,84480,5.2.3790.3959
File7=@oleaut32.dll,$(WinSysPathSysFile),$(DLLSelfRegister),,10/17/14 9:09:34 PM,555008,5.2.3790.5464
File8=@msvbvm60.dll,$(WinSysPathSysFile),$(DLLSelfRegister),,2/17/07 3:36:48 AM,1386496,6.0.97.82

[IconGroups]
Group0=SontagIndicators
PrivateGroup0=True
Parent0=$(Programs)

[SontagIndicators]
Icon1="SontagIndicators.exe"
Title1=SontagIndicators
StartIn1=$(AppPath)

[Setup]
Title=SontagIndicators
DefaultDir=$(ProgramFiles)\SontagIndicators
AppExe=SontagIndicators.exe
AppToUninstall=SontagIndicators.exe

[Setup1 Files]
File1=@MDAC_TYP.EXE,$(AppPath),,$(Shared),6/26/98 12:00:00 AM,8124720,4.71.1015.0
File2=@Rdocurs.dll,$(WinSysPath),,$(Shared),6/18/98 11:58:06 AM,151552,5.0.81.69
File3=@msrdo20.dll,$(WinSysPath),$(DLLSelfRegister),$(Shared),6/18/98 11:58:14 AM,393216,6.0.81.69
File4=@msado20.tlb,$(WinSysPath),,$(Shared),11/3/10 8:57:15 AM,61440,2.82.4795.0
File5=@VB5DB.DLL,$(WinSysPath),,$(Shared),6/18/98 12:00:00 AM,89360,6.0.81.69
File6=@MSREPL35.DLL,$(WinSysPathSysFile),,,4/24/98 12:00:00 AM,407312,3.51.623.0
File7=@msrd2x35.dll,$(WinSysPathSysFile),$(DLLSelfRegister),,4/24/98 7:40:20 PM,252176,3.51.623.0
File8=@expsrv.dll,$(WinSysPathSysFile),,,2/17/07 2:58:36 AM,380957,6.0.72.9589
File9=@vbajet32.dll,$(WinSysPathSysFile),,,3/25/03 8:00:00 AM,30749,6.0.1.9431
File10=@msjint35.dll,$(WinSysPathSysFile),,,4/24/98 7:40:24 PM,123664,3.51.623.0
File11=@msjter35.dll,$(WinSysPathSysFile),,,4/24/98 7:40:20 PM,24848,3.51.623.0
File12=@msjet35.dll,$(WinSysPathSysFile),$(DLLSelfRegister),,4/24/98 7:40:20 PM,1045776,3.51.623.4
File13=@dao350.dll,$(MSDAOPath),$(DLLSelfRegister),$(Shared),4/27/98 8:15:06 PM,570128,3.51.1608.0
File14=@dao2535.tlb,$(MSDAOPath),$(TLBRegister),$(Shared),5/15/98 9:43:46 PM,73184,0.0.0.0
File15=@EXCEL9.OLB,$(WinSysPath),,$(Shared),3/19/99 5:00:32 PM,638976,9.0.0.2719
File16=@cdosys.dll,$(WinSysPath),$(DLLSelfRegister),$(Shared),2/17/07 2:23:28 AM,2098688,6.5.6757.0
File17=@msadox.dll,$(WinSysPath),$(DLLSelfRegister),$(Shared),11/4/10 9:05:30 AM,229376,2.82.4795.0
File18=@msadomd.dll,$(WinSysPath),$(DLLSelfRegister),$(Shared),11/4/10 9:05:30 AM,212992,2.82.4795.0
File19=@ntfsdrv.dll,$(WinSysPath),$(DLLSelfRegister),$(Shared),2/17/07 3:41:52 AM,43520,6.0.3790.3959
File20=@SontagIndicators.exe,$(AppPath),,$(Shared),7/9/16 10:29:32 AM,143360,1.0.0.2

; The following lines may be deleted in order to obtain extra 
; space for customizing this file on a full installation diskette.
; 
; XXXXXXXXXXXXXXXXXXXXXXXXXXXXXXXXXXXXXXXXXXXXXXXXXXXXXXXXXXXX
; XXXXXXXXXXXXXXXXXXXXXXXXXXXXXXXXXXXXXXXXXXXXXXXXXXXXXXXXXXXX
; XXXXXXXXXXXXXXXXXXXXXXXXXXXXXXXXXXXXXXXXXXXXXXXXXXXXXXXXXXXX
; XXXXXXXXXXXXXXXXXXXXXXXXXXXXXXXXXXXXXXXXXXXXXXXXXXXXXXXXXXXX
; XXXXXXXXXXXXXXXXXXXXXXXXXXXXXXXXXXXXXXXXXXXXXXXXXXXXXXXXXXXX
; XXXXXXXXXXXXXXXXXXXXXXXXXXXXXXXXXXXXXXXXXXXXXXXXXXXXXXXXXXXX
; XXXXXXXXXXXXXXXXXXXXXXXXXXXXXXXXXXXXXXXXXXXXXXXXXXXXXXXXXXXX
; XXXXXXXXXXXXXXXXXXXXXXXXXXXXXXXXXXXXXXXXXXXXXXXXXXXXXXXXXXXX
; XXXXXXXXXXXXXXXXXXXXXXXXXXXXXXXXXXXXXXXXXXXXXXXXXXXXXXXXXXXX
; XXXXXXXXXXXXXXXXXXXXXXXXXXXXXXXXXXXXXXXXXXXXXXXXXXXXXXXXXXXX
; XXXXXXXXXXXXXXXXXXXXXXXXXXXXXXXXXXXXXXXXXXXXXXXXXXXXXXXXXXXX
; XXXXXXXXXXXXXXXXXXXXXXXXXXXXXXXXXXXXXXXXXXXXXXXXXXXXXXXXXXXX
; XXXXXXXXXXXXXXXXXXXXXXXXXXXXXXXXXXXXXXXXXXXXXXXXXXXXXXXXXXXX
; XXXXXXXXXXXXXXXXXXXXXXXXXXXXXXXXXXXXXXXXXXXXXXXXXXXXXXXXXXXX
; XXXXXXXXXXXXXXXXXXXXXXXXXXXXXXXXXXXXXXXXXXXXXXXXXXXXXXXXXXXX
; XXXXXXXXXXXXXXXXXXXXXXXXXXXXXXXXXXXXXXXXXXXXXXXXXXXXXXXXXXXX
; XXXXXXXXXXXXXXXXXXXXXXXXXXXXXXXXXXXXXXXXXXXXXXXXXXXXXXXXXXXX
; XXXXXXXXXXXXXXXXXXXXXXXXXXXXXXXXXXXXXXXXXXXXXXXXXXXXXXXXXXXX
; XXXXXXXXXXXXXXXXXXXXXXXXXXXXXXXXXXXXXXXXXXXXXXXXXXXXXXXXXXXX
; XXXXXXXXXXXXXXXXXXXXXXXXXXXXXXXXXXXXXXXXXXXXXXXXXXXXXXXXXXXX
; XXXXXXXXXXXXXXXXXXXXXXXXXXXXXXXXXXXXXXXXXXXXXXXXXXXXXXXXXXXX
; XXXXXXXXXXXXXXXXXXXXXXXXXXXXXXXXXXXXXXXXXXXXXXXXXXXXXXXXXXXX
; XXXXXXXXXXXXXXXXXXXXXXXXXXXXXXXXXXXXXXXXXXXXXXXXXXXXXXXXXXXX
; XXXXXXXXXXXXXXXXXXXXXXXXXXXXXXXXXXXXXXXXXXXXXXXXXXXXXXXXXXXX
; XXXXXXXXXXXXXXXXXXXXXXXXXXXXXXXXXXXXXXXXXXXXXXXXXXXXXXXXXXXX
; XXXXXXXXXXXXXXXXXXXXXXXXXXXXXXXXXXXXXXXXXXXXXXXXXXXXXXXXXXXX
; XXXXXXXXXXXXXXXXXXXXXXXXXXXXXXXXXXXXXXXXXXXXXXXXXXXXXXXXXXXX
; XXXXXXXXXXXXXXXXXXXXXXXXXXXXXXXXXXXXXXXXXXXXXXXXXXXXXXXXXXXX
; XXXXXXXXXXXXXXXXXXXXXXXXXXXXXXXXXXXXXXXXXXXXXXXXXXXXXXXXXXXX
; XXXXXXXXXXXXXXXXXXXXXXXXXXXXXXXXXXXXXXXXXXXXXXXXXXXXXXXXXXXX
; XXXXXXXXXXXXXXXXXXXXXXXXXXXXXXXXXXXXXXXXXXXXXXXXXXXXXXXXXXXX
; XXXXXXXXXXXXXXXXXXXXXXXXXXXXXXXXXXXXXXXXXXXXXXXXXXXXXXXXXXXX
; XXXXXXXXXXXXXXXXXXXXXXXXXXXXXXXXXXXXXXXXXXXXXXXXXXXXXXXXXXXX
; XXXXXXXXXXXXXXXXXXXXXXXXXXXXXXXXXXXXXXXXXXXXXXXXXXXXXXXXXXXX
; XXXXXXXXXXXXXXXXXXXXXXXXXXXXXXXXXXXXXXXXXXXXXXXXXXXXXXXXXXXX
